Using cache found in /home/ubuntu/.cache/torch/hub/NVIDIA_DeepLearningExamples_torchhub
/home/ubuntu/.cache/torch/hub/NVIDIA_DeepLearningExamples_torchhub/PyTorch/Classification/ConvNets/image_classification/models/common.py:13: UserWarning: pytorch_quantization module not found, quantization will not be available
  warnings.warn(
/home/ubuntu/.cache/torch/hub/NVIDIA_DeepLearningExamples_torchhub/PyTorch/Classification/ConvNets/image_classification/models/efficientnet.py:17: UserWarning: pytorch_quantization module not found, quantization will not be available
  warnings.warn(
Using cache found in /home/ubuntu/.cache/torch/hub/NVIDIA_DeepLearningExamples_torchhub
Using cache found in /home/ubuntu/.cache/torch/hub/ultralytics_yolov5_master
YOLOv5 🚀 2023-10-25 Python-3.10.12 torch-2.0.1 CUDA:0 (Tesla V100-SXM2-16GB, 16151MiB)

Fusing layers... 
YOLOv5s summary: 213 layers, 7225885 parameters, 0 gradients
Adding AutoShape... 
WARNING ⚠️ NMS time limit 0.600s exceeded
Traceback (most recent call last):
  File "/home/ubuntu/edge-computing/models/metrics_gen/run.py", line 296, in <module>
    metrics = calculate_metrics(detected_objects[idx], labeled_objects[idx])
  File "/home/ubuntu/edge-computing/models/metrics_gen/run.py", line 197, in calculate_metrics
    accuracy = TP / (TP + FP)
ZeroDivisionError: division by zero
Using cache found in /home/ubuntu/.cache/torch/hub/NVIDIA_DeepLearningExamples_torchhub
/home/ubuntu/.cache/torch/hub/NVIDIA_DeepLearningExamples_torchhub/PyTorch/Classification/ConvNets/image_classification/models/common.py:13: UserWarning: pytorch_quantization module not found, quantization will not be available
  warnings.warn(
/home/ubuntu/.cache/torch/hub/NVIDIA_DeepLearningExamples_torchhub/PyTorch/Classification/ConvNets/image_classification/models/efficientnet.py:17: UserWarning: pytorch_quantization module not found, quantization will not be available
  warnings.warn(
Using cache found in /home/ubuntu/.cache/torch/hub/NVIDIA_DeepLearningExamples_torchhub
Using cache found in /home/ubuntu/.cache/torch/hub/ultralytics_yolov5_master
YOLOv5 🚀 2023-10-25 Python-3.10.12 torch-2.0.1 CUDA:0 (Tesla V100-SXM2-16GB, 16151MiB)

Fusing layers... 
YOLOv5s summary: 213 layers, 7225885 parameters, 0 gradients
Adding AutoShape... 
WARNING ⚠️ NMS time limit 0.600s exceeded
Using cache found in /home/ubuntu/.cache/torch/hub/NVIDIA_DeepLearningExamples_torchhub
/home/ubuntu/.cache/torch/hub/NVIDIA_DeepLearningExamples_torchhub/PyTorch/Classification/ConvNets/image_classification/models/common.py:13: UserWarning: pytorch_quantization module not found, quantization will not be available
  warnings.warn(
/home/ubuntu/.cache/torch/hub/NVIDIA_DeepLearningExamples_torchhub/PyTorch/Classification/ConvNets/image_classification/models/efficientnet.py:17: UserWarning: pytorch_quantization module not found, quantization will not be available
  warnings.warn(
Using cache found in /home/ubuntu/.cache/torch/hub/NVIDIA_DeepLearningExamples_torchhub
Using cache found in /home/ubuntu/.cache/torch/hub/ultralytics_yolov5_master
YOLOv5 🚀 2023-10-25 Python-3.10.12 torch-2.0.1 CUDA:0 (Tesla V100-SXM2-16GB, 16151MiB)

Fusing layers... 
YOLOv5s summary: 213 layers, 7225885 parameters, 0 gradients
Adding AutoShape... 
Traceback (most recent call last):
  File "/home/ubuntu/edge-computing/models/metrics_gen/run.py", line 275, in <module>
    with open(source_dataset_base_path + '/labels.json', 'r') as json_file:
FileNotFoundError: [Errno 2] No such file or directory: '/home/ubuntu/edge-computing/data_32/labels.json'
Using cache found in /home/ubuntu/.cache/torch/hub/NVIDIA_DeepLearningExamples_torchhub
/home/ubuntu/.cache/torch/hub/NVIDIA_DeepLearningExamples_torchhub/PyTorch/Classification/ConvNets/image_classification/models/common.py:13: UserWarning: pytorch_quantization module not found, quantization will not be available
  warnings.warn(
/home/ubuntu/.cache/torch/hub/NVIDIA_DeepLearningExamples_torchhub/PyTorch/Classification/ConvNets/image_classification/models/efficientnet.py:17: UserWarning: pytorch_quantization module not found, quantization will not be available
  warnings.warn(
Using cache found in /home/ubuntu/.cache/torch/hub/NVIDIA_DeepLearningExamples_torchhub
Using cache found in /home/ubuntu/.cache/torch/hub/ultralytics_yolov5_master
YOLOv5 🚀 2023-10-25 Python-3.10.12 torch-2.0.1 CUDA:0 (Tesla V100-SXM2-16GB, 16151MiB)

Fusing layers... 
YOLOv5s summary: 213 layers, 7225885 parameters, 0 gradients
Adding AutoShape... 
Using cache found in /home/ubuntu/.cache/torch/hub/NVIDIA_DeepLearningExamples_torchhub
/home/ubuntu/.cache/torch/hub/NVIDIA_DeepLearningExamples_torchhub/PyTorch/Classification/ConvNets/image_classification/models/common.py:13: UserWarning: pytorch_quantization module not found, quantization will not be available
  warnings.warn(
/home/ubuntu/.cache/torch/hub/NVIDIA_DeepLearningExamples_torchhub/PyTorch/Classification/ConvNets/image_classification/models/efficientnet.py:17: UserWarning: pytorch_quantization module not found, quantization will not be available
  warnings.warn(
Using cache found in /home/ubuntu/.cache/torch/hub/NVIDIA_DeepLearningExamples_torchhub
Using cache found in /home/ubuntu/.cache/torch/hub/ultralytics_yolov5_master
YOLOv5 🚀 2023-10-25 Python-3.10.12 torch-2.0.1 CUDA:0 (Tesla V100-SXM2-16GB, 16151MiB)

Fusing layers... 
YOLOv5s summary: 213 layers, 7225885 parameters, 0 gradients
Adding AutoShape... 
Using cache found in /home/ubuntu/.cache/torch/hub/NVIDIA_DeepLearningExamples_torchhub
/home/ubuntu/.cache/torch/hub/NVIDIA_DeepLearningExamples_torchhub/PyTorch/Classification/ConvNets/image_classification/models/common.py:13: UserWarning: pytorch_quantization module not found, quantization will not be available
  warnings.warn(
/home/ubuntu/.cache/torch/hub/NVIDIA_DeepLearningExamples_torchhub/PyTorch/Classification/ConvNets/image_classification/models/efficientnet.py:17: UserWarning: pytorch_quantization module not found, quantization will not be available
  warnings.warn(
Using cache found in /home/ubuntu/.cache/torch/hub/NVIDIA_DeepLearningExamples_torchhub
Using cache found in /home/ubuntu/.cache/torch/hub/ultralytics_yolov5_master
YOLOv5 🚀 2023-10-25 Python-3.10.12 torch-2.0.1 CUDA:0 (Tesla V100-SXM2-16GB, 16151MiB)

Fusing layers... 
YOLOv5s summary: 213 layers, 7225885 parameters, 0 gradients
Adding AutoShape... 
Using cache found in /home/ubuntu/.cache/torch/hub/NVIDIA_DeepLearningExamples_torchhub
/home/ubuntu/.cache/torch/hub/NVIDIA_DeepLearningExamples_torchhub/PyTorch/Classification/ConvNets/image_classification/models/common.py:13: UserWarning: pytorch_quantization module not found, quantization will not be available
  warnings.warn(
/home/ubuntu/.cache/torch/hub/NVIDIA_DeepLearningExamples_torchhub/PyTorch/Classification/ConvNets/image_classification/models/efficientnet.py:17: UserWarning: pytorch_quantization module not found, quantization will not be available
  warnings.warn(
Using cache found in /home/ubuntu/.cache/torch/hub/NVIDIA_DeepLearningExamples_torchhub
Using cache found in /home/ubuntu/.cache/torch/hub/ultralytics_yolov5_master
YOLOv5 🚀 2023-10-25 Python-3.10.12 torch-2.0.1 CUDA:0 (Tesla V100-SXM2-16GB, 16151MiB)

Fusing layers... 
YOLOv5s summary: 213 layers, 7225885 parameters, 0 gradients
Adding AutoShape... 
Using cache found in /home/ubuntu/.cache/torch/hub/NVIDIA_DeepLearningExamples_torchhub
/home/ubuntu/.cache/torch/hub/NVIDIA_DeepLearningExamples_torchhub/PyTorch/Classification/ConvNets/image_classification/models/common.py:13: UserWarning: pytorch_quantization module not found, quantization will not be available
  warnings.warn(
/home/ubuntu/.cache/torch/hub/NVIDIA_DeepLearningExamples_torchhub/PyTorch/Classification/ConvNets/image_classification/models/efficientnet.py:17: UserWarning: pytorch_quantization module not found, quantization will not be available
  warnings.warn(
Using cache found in /home/ubuntu/.cache/torch/hub/NVIDIA_DeepLearningExamples_torchhub
Using cache found in /home/ubuntu/.cache/torch/hub/ultralytics_yolov5_master
YOLOv5 🚀 2023-10-25 Python-3.10.12 torch-2.0.1 CUDA:0 (Tesla V100-SXM2-16GB, 16151MiB)

Fusing layers... 
YOLOv5s summary: 213 layers, 7225885 parameters, 0 gradients
Adding AutoShape... 
